WARNING:werkzeug: * Debugger is active!
INFO:werkzeug: * Debugger PIN: 216-605-529
INFO:werkzeug: * Detected change in 'c:\\Users\\maden\\Downloads\\Spring24_research\\Security_Persona\\Task 3\\security_task3run2.py', reloading
WARNING:werkzeug: * Debugger is active!
INFO:werkzeug: * Debugger PIN: 216-605-529
INFO:werkzeug:[31m[1mWARNING: This is a development server. Do not use it in a production deployment. Use a production WSGI server instead.[0m
 * Running on http://127.0.0.1:5000
INFO:werkzeug:[33mPress CTRL+C to quit[0m
INFO:werkzeug: * Restarting with stat
WARNING:werkzeug: * Debugger is active!
INFO:werkzeug: * Debugger PIN: 216-605-529
ERROR:root:Error encrypting CVV: argument should be a bytes-like object or ASCII string, not 'NoneType'
INFO:werkzeug:127.0.0.1 - - [03/Apr/2024 15:02:26] "[35m[1mPOST /register_card HTTP/1.1[0m" 500 -
INFO:werkzeug: * Detected change in 'c:\\Users\\maden\\Downloads\\Spring24_research\\Security_Persona\\Task 3\\security_task3run2.py', reloading
INFO:werkzeug: * Restarting with stat
2024-04-03 15:06:10,423 - WARNING -  * Debugger is active!
2024-04-03 15:06:10,424 - INFO -  * Debugger PIN: 216-605-529
2024-04-03 15:06:33,403 - INFO -  * Detected change in 'c:\\Users\\maden\\Downloads\\Spring24_research\\Security_Persona\\Task 3\\security_task3run2.py', reloading
INFO:werkzeug: * Restarting with stat
2024-04-03 15:06:33,732 - WARNING -  * Debugger is active!
2024-04-03 15:06:33,739 - INFO -  * Debugger PIN: 216-605-529
2024-04-03 15:06:45,485 - ERROR - Error encrypting CVV: argument should be a bytes-like object or ASCII string, not 'NoneType'
2024-04-03 15:06:45,485 - INFO - 127.0.0.1 - - [03/Apr/2024 15:06:45] "[35m[1mPOST /register_card HTTP/1.1[0m" 500 -
2024-04-03 15:08:12,149 - INFO -  * Detected change in 'c:\\Users\\maden\\Downloads\\Spring24_research\\Security_Persona\\Task 3\\security_task3run2.py', reloading
INFO:werkzeug: * Restarting with stat
2024-04-03 15:08:12,470 - WARNING -  * Debugger is active!
2024-04-03 15:08:12,476 - INFO -  * Debugger PIN: 216-605-529
2024-04-03 15:08:17,936 - INFO - [31m[1mWARNING: This is a development server. Do not use it in a production deployment. Use a production WSGI server instead.[0m
 * Running on http://127.0.0.1:5000
2024-04-03 15:08:17,936 - INFO - [33mPress CTRL+C to quit[0m
2024-04-03 15:08:17,939 - INFO -  * Restarting with stat
2024-04-03 15:08:18,187 - WARNING -  * Debugger is active!
2024-04-03 15:08:18,187 - INFO -  * Debugger PIN: 216-605-529
2024-04-03 15:08:28,663 - ERROR - Error encrypting CVV: argument should be a bytes-like object or ASCII string, not 'NoneType'
2024-04-03 15:08:28,665 - INFO - 127.0.0.1 - - [03/Apr/2024 15:08:28] "[35m[1mPOST /register_card HTTP/1.1[0m" 500 -
2024-04-03 15:11:49,396 - INFO -  * Detected change in 'c:\\Users\\maden\\Downloads\\Spring24_research\\Security_Persona\\Task 3\\security_task3run2.py', reloading
2024-04-03 15:11:49,441 - INFO -  * Restarting with stat
